  [4;36;1mSQL (0.2ms)[0m   [0;1m SELECT name
 FROM sqlite_master
 WHERE type = 'table' AND NOT name = 'sqlite_sequence'
[0m
  [4;35;1mSQL (20.7ms)[0m   [0mselect sqlite_version(*)[0m
  [4;36;1mSQL (1.4ms)[0m   [0;1mCREATE TABLE "schema_migrations" ("version" varchar(255) NOT NULL) [0m
  [4;35;1mSQL (1.5ms)[0m   [0mCREATE UNIQUE INDEX "unique_schema_migrations" ON "schema_migrations" ("version")[0m
  [4;36;1mSQL (0.1ms)[0m   [0;1m SELECT name
 FROM sqlite_master
 WHERE type = 'table' AND NOT name = 'sqlite_sequence'
[0m
  [4;35;1mSQL (0.1ms)[0m   [0mSELECT version FROM schema_migrations[0m
Migrating to CreateUsers (20091210194416)
  [4;36;1mSQL (0.1ms)[0m   [0;1m SELECT name
 FROM sqlite_master
 WHERE type = 'table' AND NOT name = 'sqlite_sequence'
[0m
  [4;35;1mSQL (0.4ms)[0m   [0mCREATE TABLE "users" ("id" INTEGER PRIMARY KEY AUTOINCREMENT NOT NULL, "login" varchar(40), "name" varchar(100) DEFAULT '', "email" varchar(100), "crypted_password" varchar(40), "salt" varchar(40), "created_at" datetime, "updated_at" datetime, "remember_token" varchar(40), "remember_token_expires_at" datetime, "activation_code" varchar(40), "activated_at" datetime, "state" varchar(255) DEFAULT 'passive', "deleted_at" datetime) [0m
  [4;36;1mSQL (0.8ms)[0m   [0;1mCREATE UNIQUE INDEX "index_users_on_login" ON "users" ("login")[0m
  [4;35;1mSQL (0.5ms)[0m   [0mINSERT INTO schema_migrations (version) VALUES ('20091210194416')[0m
  [4;36;1mSQL (0.2ms)[0m   [0;1m SELECT name
 FROM sqlite_master
 WHERE type = 'table' AND NOT name = 'sqlite_sequence'
[0m
  [4;35;1mSQL (0.1ms)[0m   [0mSELECT version FROM schema_migrations[0m
  [4;36;1mSQL (0.1ms)[0m   [0;1m SELECT name
 FROM sqlite_master
 WHERE type = 'table' AND NOT name = 'sqlite_sequence'
[0m
  [4;35;1mSQL (0.1ms)[0m   [0mPRAGMA index_list("users")[0m
  [4;36;1mSQL (0.1ms)[0m   [0;1mPRAGMA index_info('index_users_on_login')[0m
  [4;36;1mSQL (0.2ms)[0m   [0;1mSET NAMES 'utf8'[0m
  [4;35;1mSQL (0.1ms)[0m   [0mSET SQL_AUTO_IS_NULL=0[0m
  [4;36;1mSQL (0.3ms)[0m   [0;1mSHOW TABLES[0m
  [4;35;1mSQL (397.3ms)[0m   [0mCREATE TABLE `schema_migrations` (`version` varchar(255) NOT NULL) ENGINE=InnoDB[0m
  [4;36;1mSQL (165.5ms)[0m   [0;1mCREATE UNIQUE INDEX `unique_schema_migrations` ON `schema_migrations` (`version`)[0m
  [4;35;1mSQL (0.3ms)[0m   [0mSHOW TABLES[0m
  [4;36;1mSQL (9.5ms)[0m   [0;1mSELECT version FROM schema_migrations[0m
Migrating to CreateUsers (20091210194416)
  [4;35;1mSQL (0.3ms)[0m   [0mSHOW TABLES[0m
  [4;36;1mSQL (41.2ms)[0m   [0;1mCREATE TABLE `users` (`id` int(11) DEFAULT NULL auto_increment PRIMARY KEY, `login` varchar(40), `name` varchar(100) DEFAULT '', `email` varchar(100), `crypted_password` varchar(40), `salt` varchar(40), `created_at` datetime, `updated_at` datetime, `remember_token` varchar(40), `remember_token_expires_at` datetime, `activation_code` varchar(40), `activated_at` datetime, `state` varchar(255) DEFAULT 'passive', `deleted_at` datetime) ENGINE=InnoDB[0m
  [4;35;1mSQL (199.9ms)[0m   [0mCREATE UNIQUE INDEX `index_users_on_login` ON `users` (`login`)[0m
  [4;36;1mSQL (47.4ms)[0m   [0;1mINSERT INTO schema_migrations (version) VALUES ('20091210194416')[0m
  [4;35;1mSQL (0.3ms)[0m   [0mSHOW TABLES[0m
  [4;36;1mSQL (0.2ms)[0m   [0;1mSELECT version FROM schema_migrations[0m
  [4;35;1mSQL (0.2ms)[0m   [0mSHOW TABLES[0m
  [4;36;1mSQL (54.7ms)[0m   [0;1mSHOW FIELDS FROM `users`[0m
  [4;35;1mSQL (2.7ms)[0m   [0mdescribe `users`[0m
  [4;36;1mSQL (0.5ms)[0m   [0;1mSHOW KEYS FROM `users`[0m
  [4;36;1mSQL (0.1ms)[0m   [0;1mSET NAMES 'utf8'[0m
  [4;35;1mSQL (0.1ms)[0m   [0mSET SQL_AUTO_IS_NULL=0[0m


Processing SessionsController#new (for 127.0.0.1 at 2009-12-10 12:13:06) [GET]
Rendering sessions/new
Completed in 87ms (View: 85, DB: 0) | 200 OK [http://localhost/login]
  [4;36;1mSQL (0.1ms)[0m   [0;1mSET NAMES 'utf8'[0m
  [4;35;1mSQL (0.1ms)[0m   [0mSET SQL_AUTO_IS_NULL=0[0m


Processing UsersController#new (for 127.0.0.1 at 2009-12-10 12:13:17) [GET]
  [4;36;1mUser Columns (6.1ms)[0m   [0;1mSHOW FIELDS FROM `users`[0m
Rendering users/new
Completed in 19ms (View: 11, DB: 6) | 200 OK [http://localhost/signup]
  [4;35;1mSQL (0.7ms)[0m   [0mSET NAMES 'utf8'[0m
  [4;36;1mSQL (0.1ms)[0m   [0;1mSET SQL_AUTO_IS_NULL=0[0m


Processing UsersController#create (for 127.0.0.1 at 2009-12-10 12:13:47) [POST]
  Parameters: {"user"=>{"password_confirmation"=>"gcB--123", "password"=>"gcB--123", "login"=>"gbeddow", "email"=>"greg@gbeddow.com"}, "commit"=>"Sign up", "authenticity_token"=>"6pYZ4hQ34uTvUgtdt0HFJYFxGlZO6uQVeVLUe3UTLvA="}
  [4;35;1mUser Columns (1.7ms)[0m   [0mSHOW FIELDS FROM `users`[0m
  [4;36;1mUser Exists (91.3ms)[0m   [0;1mSELECT `users`.id FROM `users` WHERE (`users`.`login` = BINARY 'gbeddow') LIMIT 1[0m
  [4;35;1mUser Exists (0.2ms)[0m   [0mSELECT `users`.id FROM `users` WHERE (`users`.`email` = BINARY 'greg@gbeddow.com') LIMIT 1[0m
  [4;36;1mSQL (0.1ms)[0m   [0;1mBEGIN[0m
  [4;35;1mUser Create (0.3ms)[0m   [0mINSERT INTO `users` (`name`, `salt`, `updated_at`, `activated_at`, `crypted_password`, `deleted_at`, `remember_token_expires_at`, `activation_code`, `remember_token`, `login`, `email`, `created_at`, `state`) VALUES('', '5530ccf2a7355d6b18825bc9e4700015a9712923', '2009-12-10 20:13:48', NULL, '0eb44a03663f6d1bc3b0662ad231a61c95ed1f0f', NULL, NULL, '5db08a24b9f46eafb6950f8c817c37d31179df3c', NULL, 'gbeddow', 'greg@gbeddow.com', '2009-12-10 20:13:48', 'pending')[0m
Sent mail to greg@gbeddow.com

Date: Thu, 10 Dec 2009 12:13:48 -0800
From: ADMINEMAIL
To: greg@gbeddow.com
Subject: [YOURSITE] Please activate your new account
Mime-Version: 1.0
Content-Type: text/plain; charset=utf-8

Your account has been created.

  Username: gbeddow
  Password: gcB--123

Visit this url to activate your account:

  http://YOURSITE/activate/614eb7ae023ae585c6b962aeb5091e6f3abadec3
  [4;36;1mSQL (30.9ms)[0m   [0;1mCOMMIT[0m
  [4;35;1mUser Exists (18.3ms)[0m   [0mSELECT `users`.id FROM `users` WHERE (`users`.`login` = BINARY 'gbeddow' AND `users`.id <> 1) LIMIT 1[0m
  [4;36;1mUser Exists (0.5ms)[0m   [0;1mSELECT `users`.id FROM `users` WHERE (`users`.`email` = BINARY 'greg@gbeddow.com' AND `users`.id <> 1) LIMIT 1[0m
Redirected to http://localhost:3000/
Completed in 262ms (DB: 144) | 302 Found [http://localhost/users]
  [4;35;1mSQL (0.1ms)[0m   [0mSET NAMES 'utf8'[0m
  [4;36;1mSQL (0.1ms)[0m   [0;1mSET SQL_AUTO_IS_NULL=0[0m


Processing UsersController#activate (for 127.0.0.1 at 2009-12-10 12:14:51) [GET]
  Parameters: {"activation_code"=>"614eb7ae023ae585c6b962aeb5091e6f3abadec3"}
  [4;35;1mUser Columns (1.7ms)[0m   [0mSHOW FIELDS FROM `users`[0m
  [4;36;1mUser Load (0.3ms)[0m   [0;1mSELECT * FROM `users` WHERE (`users`.`activation_code` = '614eb7ae023ae585c6b962aeb5091e6f3abadec3') LIMIT 1[0m
Redirected to http://localhost:3000/
Completed in 32ms (DB: 2) | 302 Found [http://localhost/activate/614eb7ae023ae585c6b962aeb5091e6f3abadec3]
  [4;35;1mSQL (0.1ms)[0m   [0mSET NAMES 'utf8'[0m
  [4;36;1mSQL (0.1ms)[0m   [0;1mSET SQL_AUTO_IS_NULL=0[0m


Processing SessionsController#new (for 127.0.0.1 at 2009-12-10 12:16:20) [GET]
Rendering sessions/new
Completed in 2ms (View: 1, DB: 0) | 200 OK [http://localhost/login]
  [4;35;1mSQL (0.1ms)[0m   [0mSET NAMES 'utf8'[0m
  [4;36;1mSQL (0.1ms)[0m   [0;1mSET SQL_AUTO_IS_NULL=0[0m


Processing SessionsController#create (for 127.0.0.1 at 2009-12-10 12:16:26) [POST]
  Parameters: {"commit"=>"Log in", "authenticity_token"=>"6pYZ4hQ34uTvUgtdt0HFJYFxGlZO6uQVeVLUe3UTLvA=", "login"=>"gbeddow", "password"=>"gcB--123"}
  [4;35;1mUser Load (17.8ms)[0m   [0mSELECT * FROM `users` WHERE (`users`.`login` = 'gbeddow') AND (users.state = 'active') LIMIT 1[0m
Failed login for 'gbeddow' from 127.0.0.1 at Thu Dec 10 20:16:26 UTC 2009
Rendering sessions/new
Completed in 29ms (View: 1, DB: 18) | 200 OK [http://localhost/session]
  [4;36;1mSQL (0.1ms)[0m   [0;1mSET NAMES 'utf8'[0m
  [4;35;1mSQL (0.1ms)[0m   [0mSET SQL_AUTO_IS_NULL=0[0m


Processing SessionsController#create (for 127.0.0.1 at 2009-12-10 12:16:42) [POST]
  Parameters: {"commit"=>"Log in", "authenticity_token"=>"6pYZ4hQ34uTvUgtdt0HFJYFxGlZO6uQVeVLUe3UTLvA=", "login"=>"gbeddow", "password"=>"gcB--123"}
  [4;36;1mUser Load (0.4ms)[0m   [0;1mSELECT * FROM `users` WHERE (`users`.`login` = 'gbeddow') AND (users.state = 'active') LIMIT 1[0m
Failed login for 'gbeddow' from 127.0.0.1 at Thu Dec 10 20:16:42 UTC 2009
Rendering sessions/new
Completed in 4ms (View: 1, DB: 1) | 200 OK [http://localhost/session]
  [4;36;1mSQL (0.1ms)[0m   [0;1mSET NAMES 'utf8'[0m
  [4;35;1mSQL (0.1ms)[0m   [0mSET SQL_AUTO_IS_NULL=0[0m


Processing UsersController#activate (for 127.0.0.1 at 2009-12-10 12:30:57) [GET]
  Parameters: {"activation_code"=>"614eb7ae023ae585c6b962aeb5091e6f3abadec3"}
  [4;36;1mUser Columns (30.4ms)[0m   [0;1mSHOW FIELDS FROM `users`[0m
  [4;35;1mUser Load (0.3ms)[0m   [0mSELECT * FROM `users` WHERE (`users`.`activation_code` = '614eb7ae023ae585c6b962aeb5091e6f3abadec3') LIMIT 1[0m
Redirected to http://localhost:3000/
Completed in 39ms (DB: 31) | 302 Found [http://localhost/activate/614eb7ae023ae585c6b962aeb5091e6f3abadec3]
  [4;36;1mSQL (0.1ms)[0m   [0;1mSET NAMES 'utf8'[0m
  [4;35;1mSQL (0.1ms)[0m   [0mSET SQL_AUTO_IS_NULL=0[0m


Processing UsersController#activate (for 127.0.0.1 at 2009-12-10 12:32:28) [GET]
  Parameters: {"activation_code"=>"5db08a24b9f46eafb6950f8c817c37d31179df3c"}
  [4;36;1mUser Columns (1.7ms)[0m   [0;1mSHOW FIELDS FROM `users`[0m
  [4;35;1mUser Load (0.2ms)[0m   [0mSELECT * FROM `users` WHERE (`users`.`activation_code` = '5db08a24b9f46eafb6950f8c817c37d31179df3c') LIMIT 1[0m
  [4;36;1mSQL (0.1ms)[0m   [0;1mBEGIN[0m
  [4;35;1mUser Update (0.3ms)[0m   [0mUPDATE `users` SET `activated_at` = '2009-12-10 20:32:28', `activation_code` = NULL, `state` = 'active', `updated_at` = '2009-12-10 20:32:28' WHERE `id` = 1[0m
Sent mail to greg@gbeddow.com

Date: Thu, 10 Dec 2009 12:32:28 -0800
From: ADMINEMAIL
To: greg@gbeddow.com
Subject: [YOURSITE] Your account has been activated!
Mime-Version: 1.0
Content-Type: text/plain; charset=utf-8

gbeddow, your account has been activated.  Welcome aboard!

  http://YOURSITE/
  [4;36;1mSQL (20.2ms)[0m   [0;1mCOMMIT[0m
Redirected to http://localhost:3000/login
Completed in 227ms (DB: 23) | 302 Found [http://localhost/activate/5db08a24b9f46eafb6950f8c817c37d31179df3c]
  [4;35;1mSQL (0.1ms)[0m   [0mSET NAMES 'utf8'[0m
  [4;36;1mSQL (0.1ms)[0m   [0;1mSET SQL_AUTO_IS_NULL=0[0m


Processing SessionsController#new (for 127.0.0.1 at 2009-12-10 12:32:28) [GET]
Rendering sessions/new
Completed in 62ms (View: 60, DB: 0) | 200 OK [http://localhost/login]
  [4;35;1mSQL (0.1ms)[0m   [0mSET NAMES 'utf8'[0m
  [4;36;1mSQL (0.1ms)[0m   [0;1mSET SQL_AUTO_IS_NULL=0[0m


Processing UsersController#new (for 127.0.0.1 at 2009-12-10 12:40:30) [GET]
  [4;35;1mUser Columns (1.7ms)[0m   [0mSHOW FIELDS FROM `users`[0m
Rendering users/new
Completed in 12ms (View: 8, DB: 2) | 200 OK [http://localhost/signup]
  [4;36;1mSQL (0.1ms)[0m   [0;1mSET NAMES 'utf8'[0m
  [4;35;1mSQL (0.1ms)[0m   [0mSET SQL_AUTO_IS_NULL=0[0m


Processing UsersController#create (for 127.0.0.1 at 2009-12-10 12:40:46) [POST]
  Parameters: {"user"=>{"password_confirmation"=>"gcB--123", "password"=>"gcB--123", "login"=>"gbeddow", "email"=>"greg@gbeddow.com"}, "commit"=>"Sign up", "authenticity_token"=>"6pYZ4hQ34uTvUgtdt0HFJYFxGlZO6uQVeVLUe3UTLvA="}
  [4;36;1mUser Columns (1.6ms)[0m   [0;1mSHOW FIELDS FROM `users`[0m
  [4;35;1mUser Exists (0.2ms)[0m   [0mSELECT `users`.id FROM `users` WHERE (`users`.`login` = BINARY 'gbeddow') LIMIT 1[0m
  [4;36;1mUser Exists (0.1ms)[0m   [0;1mSELECT `users`.id FROM `users` WHERE (`users`.`email` = BINARY 'greg@gbeddow.com') LIMIT 1[0m
  [4;35;1mSQL (0.1ms)[0m   [0mBEGIN[0m
  [4;36;1mUser Create (0.2ms)[0m   [0;1mINSERT INTO `users` (`name`, `salt`, `updated_at`, `activated_at`, `crypted_password`, `deleted_at`, `remember_token_expires_at`, `activation_code`, `remember_token`, `login`, `email`, `created_at`, `state`) VALUES('', '13a263650d083f76423a6be454af76816ad173c6', '2009-12-10 20:40:46', NULL, '4c77cdc520e88962ac8d7578dfe1f8dc0801580e', NULL, NULL, 'dac93d367eac6853e590c250cfd2d2a048d8b472', NULL, 'gbeddow', 'greg@gbeddow.com', '2009-12-10 20:40:46', 'pending')[0m
  [4;35;1mUser Load (26.8ms)[0m   [0mSELECT * FROM `users` WHERE (`users`.`id` = 2) [0m
Sent mail to greg@gbeddow.com

Date: Thu, 10 Dec 2009 12:40:46 -0800
From: ADMINEMAIL
To: greg@gbeddow.com
Subject: [YOURSITE] Please activate your new account
Mime-Version: 1.0
Content-Type: text/plain; charset=utf-8

Your account has been created.

  Username: gbeddow
  Password: gcB--123

Visit this url to activate your account:

  http://YOURSITE/activate/dac93d367eac6853e590c250cfd2d2a048d8b472
  [4;36;1mCACHE (0.0ms)[0m   [0;1mSELECT * FROM `users` WHERE (`users`.`id` = 2) [0m
  [4;35;1mSQL (36.8ms)[0m   [0mCOMMIT[0m
  [4;36;1mUser Exists (0.3ms)[0m   [0;1mSELECT `users`.id FROM `users` WHERE (`users`.`login` = BINARY 'gbeddow' AND `users`.id <> 2) LIMIT 1[0m
  [4;35;1mUser Exists (0.2ms)[0m   [0mSELECT `users`.id FROM `users` WHERE (`users`.`email` = BINARY 'greg@gbeddow.com' AND `users`.id <> 2) LIMIT 1[0m
Redirected to http://localhost:3000/
Completed in 87ms (DB: 67) | 302 Found [http://localhost/users]
  [4;36;1mSQL (0.1ms)[0m   [0;1mSET NAMES 'utf8'[0m
  [4;35;1mSQL (0.1ms)[0m   [0mSET SQL_AUTO_IS_NULL=0[0m


Processing UsersController#activate (for 127.0.0.1 at 2009-12-10 12:41:14) [GET]
  Parameters: {"activation_code"=>"dac93d367eac6853e590c250cfd2d2a048d8b472"}
  [4;36;1mUser Columns (1.7ms)[0m   [0;1mSHOW FIELDS FROM `users`[0m
  [4;35;1mUser Load (0.3ms)[0m   [0mSELECT * FROM `users` WHERE (`users`.`activation_code` = 'dac93d367eac6853e590c250cfd2d2a048d8b472') LIMIT 1[0m
  [4;36;1mSQL (0.1ms)[0m   [0;1mBEGIN[0m
  [4;35;1mUser Update (0.2ms)[0m   [0mUPDATE `users` SET `activated_at` = '2009-12-10 20:41:14', `activation_code` = NULL, `state` = 'active', `updated_at` = '2009-12-10 20:41:14' WHERE `id` = 2[0m
  [4;36;1mUser Load (0.1ms)[0m   [0;1mSELECT * FROM `users` WHERE (`users`.`id` = 2) [0m
Sent mail to greg@gbeddow.com

Date: Thu, 10 Dec 2009 12:41:14 -0800
From: ADMINEMAIL
To: greg@gbeddow.com
Subject: [YOURSITE] Your account has been activated!
Mime-Version: 1.0
Content-Type: text/plain; charset=utf-8

gbeddow, your account has been activated.  Welcome aboard!

  http://YOURSITE/
  [4;35;1mSQL (1.0ms)[0m   [0mCOMMIT[0m
Redirected to http://localhost:3000/login
Completed in 18ms (DB: 4) | 302 Found [http://localhost/activate/dac93d367eac6853e590c250cfd2d2a048d8b472]
  [4;36;1mSQL (0.1ms)[0m   [0;1mSET NAMES 'utf8'[0m
  [4;35;1mSQL (0.1ms)[0m   [0mSET SQL_AUTO_IS_NULL=0[0m


Processing SessionsController#new (for 127.0.0.1 at 2009-12-10 12:41:14) [GET]
Rendering sessions/new
Completed in 2ms (View: 1, DB: 0) | 200 OK [http://localhost/login]
  [4;36;1mSQL (0.1ms)[0m   [0;1mSET NAMES 'utf8'[0m
  [4;35;1mSQL (0.1ms)[0m   [0mSET SQL_AUTO_IS_NULL=0[0m


Processing SessionsController#create (for 127.0.0.1 at 2009-12-10 12:41:23) [POST]
  Parameters: {"commit"=>"Log in", "authenticity_token"=>"6pYZ4hQ34uTvUgtdt0HFJYFxGlZO6uQVeVLUe3UTLvA=", "login"=>"gbeddow", "password"=>"gcB--123"}
  [4;36;1mUser Load (0.3ms)[0m   [0;1mSELECT * FROM `users` WHERE (`users`.`login` = 'gbeddow') AND (users.state = 'active') LIMIT 1[0m
  [4;35;1mUser Columns (1.5ms)[0m   [0mSHOW FIELDS FROM `users`[0m
  [4;36;1mSQL (0.1ms)[0m   [0;1mBEGIN[0m
  [4;35;1mUser Load (0.2ms)[0m   [0mSELECT * FROM `users` WHERE (`users`.`id` = 2) [0m
  [4;36;1mSQL (0.1ms)[0m   [0;1mCOMMIT[0m
Redirected to http://localhost:3000/
Completed in 9ms (DB: 2) | 302 Found [http://localhost/session]
